# JRE version: Java(TM) SE Runtime Environment (8.0_45-b15) (build 1.8.0_45-b15)
# Java VM: Java HotSpot(TM) 64-Bit Server VM (25.45-b02 mixed mode windows-amd64 compressed oops)
Heap:
 PSYoungGen      total 71680K, used 14419K [0x00000000f0000000, 0x00000000f5380000, 0x0000000100000000)
  eden space 66560K, 13% used [0x00000000f0000000,0x00000000f0918828,0x00000000f4100000)
  from space 5120K, 99% used [0x00000000f4100000,0x00000000f45fc7c0,0x00000000f4600000)
  to   space 8704K, 0% used [0x00000000f4b00000,0x00000000f4b00000,0x00000000f5380000)
 ParOldGen       total 61952K, used 10296K [0x00000000d0000000, 0x00000000d3c80000, 0x00000000f0000000)
  object space 61952K, 16% used [0x00000000d0000000,0x00000000d0a0e370,0x00000000d3c80000)
 Metaspace       used 32565K, capacity 32892K, committed 33024K, reserved 1077248K
  class space    used 5547K, capacity 5626K, committed 5632K, reserved 1048576K
GC Heap History (10 events):
Event: 2.102 GC heap before
{Heap before GC invocations=2 (full 0):
 PSYoungGen      total 38400K, used 38397K [0x00000000f0000000, 0x00000000f2a80000, 0x0000000100000000)
  eden space 33280K, 100% used [0x00000000f0000000,0x00000000f2080000,0x00000000f2080000)
  from space 5120K, 99% used [0x00000000f2080000,0x00000000f257f518,0x00000000f2580000)
  to   space 5120K, 0% used [0x00000000f2580000,0x00000000f2580000,0x00000000f2a80000)
 ParOldGen       total 87552K, used 1636K [0x00000000d0000000, 0x00000000d5580000, 0x00000000f0000000)
  object space 87552K, 1% used [0x00000000d0000000,0x00000000d01990f8,0x00000000d5580000)
 Metaspace       used 15848K, capacity 16166K, committed 16384K, reserved 1062912K
  class space    used 2694K, capacity 2762K, committed 2816K, reserved 1048576K
Event: 2.111 GC heap after
Heap after GC invocations=2 (full 0):
 PSYoungGen      total 38400K, used 5089K [0x00000000f0000000, 0x00000000f2a80000, 0x0000000100000000)
  eden space 33280K, 0% used [0x00000000f0000000,0x00000000f0000000,0x00000000f2080000)
  from space 5120K, 99% used [0x00000000f2580000,0x00000000f2a78698,0x00000000f2a80000)
  to   space 5120K, 0% used [0x00000000f2080000,0x00000000f2080000,0x00000000f2580000)
 ParOldGen       total 87552K, used 3342K [0x00000000d0000000, 0x00000000d5580000, 0x00000000f0000000)
  object space 87552K, 3% used [0x00000000d0000000,0x00000000d0343b10,0x00000000d5580000)
 Metaspace       used 15848K, capacity 16166K, committed 16384K, reserved 1062912K
  class space    used 2694K, capacity 2762K, committed 2816K, reserved 1048576K
}
Event: 2.679 GC heap before
{Heap before GC invocations=3 (full 0):
 PSYoungGen      total 38400K, used 25162K [0x00000000f0000000, 0x00000000f2a80000, 0x0000000100000000)
  eden space 33280K, 60% used [0x00000000f0000000,0x00000000f139a448,0x00000000f2080000)
  from space 5120K, 99% used [0x00000000f2580000,0x00000000f2a78698,0x00000000f2a80000)
  to   space 5120K, 0% used [0x00000000f2080000,0x00000000f2080000,0x00000000f2580000)
 ParOldGen       total 87552K, used 3342K [0x00000000d0000000, 0x00000000d5580000, 0x00000000f0000000)
  object space 87552K, 3% used [0x00000000d0000000,0x00000000d0343b10,0x00000000d5580000)
 Metaspace       used 20893K, capacity 21190K, committed 21296K, reserved 1067008K
  class space    used 3625K, capacity 3690K, committed 3712K, reserved 1048576K
Event: 2.690 GC heap after
Heap after GC invocations=3 (full 0):
 PSYoungGen      total 38400K, used 5114K [0x00000000f0000000, 0x00000000f4b00000, 0x0000000100000000)
  eden space 33280K, 0% used [0x00000000f0000000,0x00000000f0000000,0x00000000f2080000)
  from space 5120K, 99% used [0x00000000f2080000,0x00000000f257ea40,0x00000000f2580000)
  to   space 5120K, 0% used [0x00000000f4600000,0x00000000f4600000,0x00000000f4b00000)
 ParOldGen       total 87552K, used 5211K [0x00000000d0000000, 0x00000000d5580000, 0x00000000f0000000)
  object space 87552K, 5% used [0x00000000d0000000,0x00000000d0516c80,0x00000000d5580000)
 Metaspace       used 20893K, capacity 21190K, committed 21296K, reserved 1067008K
  class space    used 3625K, capacity 3690K, committed 3712K, reserved 1048576K
}
Event: 2.690 GC heap before
{Heap before GC invocations=4 (full 1):
 PSYoungGen      total 38400K, used 5114K [0x00000000f0000000, 0x00000000f4b00000, 0x0000000100000000)
  eden space 33280K, 0% used [0x00000000f0000000,0x00000000f0000000,0x00000000f2080000)
  from space 5120K, 99% used [0x00000000f2080000,0x00000000f257ea40,0x00000000f2580000)
  to   space 5120K, 0% used [0x00000000f4600000,0x00000000f4600000,0x00000000f4b00000)
 ParOldGen       total 87552K, used 5211K [0x00000000d0000000, 0x00000000d5580000, 0x00000000f0000000)
  object space 87552K, 5% used [0x00000000d0000000,0x00000000d0516c80,0x00000000d5580000)
 Metaspace       used 20893K, capacity 21190K, committed 21296K, reserved 1067008K
  class space    used 3625K, capacity 3690K, committed 3712K, reserved 1048576K
Event: 2.735 GC heap after
Heap after GC invocations=4 (full 1):
 PSYoungGen      total 38400K, used 0K [0x00000000f0000000, 0x00000000f4b00000, 0x0000000100000000)
  eden space 33280K, 0% used [0x00000000f0000000,0x00000000f0000000,0x00000000f2080000)
  from space 5120K, 0% used [0x00000000f2080000,0x00000000f2080000,0x00000000f2580000)
  to   space 5120K, 0% used [0x00000000f4600000,0x00000000f4600000,0x00000000f4b00000)
 ParOldGen       total 61952K, used 6684K [0x00000000d0000000, 0x00000000d3c80000, 0x00000000f0000000)
  object space 61952K, 10% used [0x00000000d0000000,0x00000000d06872e8,0x00000000d3c80000)
 Metaspace       used 20893K, capacity 21190K, committed 21296K, reserved 1067008K
  class space    used 3625K, capacity 3690K, committed 3712K, reserved 1048576K
}
Event: 3.812 GC heap before
{Heap before GC invocations=5 (full 1):
 PSYoungGen      total 38400K, used 33280K [0x00000000f0000000, 0x00000000f4b00000, 0x0000000100000000)
  eden space 33280K, 100% used [0x00000000f0000000,0x00000000f2080000,0x00000000f2080000)
  from space 5120K, 0% used [0x00000000f2080000,0x00000000f2080000,0x00000000f2580000)
  to   space 5120K, 0% used [0x00000000f4600000,0x00000000f4600000,0x00000000f4b00000)
 ParOldGen       total 61952K, used 6684K [0x00000000d0000000, 0x00000000d3c80000, 0x00000000f0000000)
  object space 61952K, 10% used [0x00000000d0000000,0x00000000d06872e8,0x00000000d3c80000)
 Metaspace       used 24586K, capacity 24914K, committed 25216K, reserved 1071104K
  class space    used 4309K, capacity 4396K, committed 4480K, reserved 1048576K
Event: 3.827 GC heap after
Heap after GC invocations=5 (full 1):
 PSYoungGen      total 52736K, used 5091K [0x00000000f0000000, 0x00000000f4b00000, 0x0000000100000000)
  eden space 47616K, 0% used [0x00000000f0000000,0x00000000f0000000,0x00000000f2e80000)
  from space 5120K, 99% used [0x00000000f4600000,0x00000000f4af8c70,0x00000000f4b00000)
  to   space 5120K, 0% used [0x00000000f4100000,0x00000000f4100000,0x00000000f4600000)
 ParOldGen       total 61952K, used 7132K [0x00000000d0000000, 0x00000000d3c80000, 0x00000000f0000000)
  object space 61952K, 11% used [0x00000000d0000000,0x00000000d06f7270,0x00000000d3c80000)
 Metaspace       used 24586K, capacity 24914K, committed 25216K, reserved 1071104K
  class space    used 4309K, capacity 4396K, committed 4480K, reserved 1048576K
}
Event: 5.752 GC heap before
{Heap before GC invocations=6 (full 1):
 PSYoungGen      total 52736K, used 52707K [0x00000000f0000000, 0x00000000f4b00000, 0x0000000100000000)
  eden space 47616K, 100% used [0x00000000f0000000,0x00000000f2e80000,0x00000000f2e80000)
  from space 5120K, 99% used [0x00000000f4600000,0x00000000f4af8c70,0x00000000f4b00000)
  to   space 5120K, 0% used [0x00000000f4100000,0x00000000f4100000,0x00000000f4600000)
 ParOldGen       total 61952K, used 7132K [0x00000000d0000000, 0x00000000d3c80000, 0x00000000f0000000)
  object space 61952K, 11% used [0x00000000d0000000,0x00000000d06f7270,0x00000000d3c80000)
 Metaspace       used 32098K, capacity 32476K, committed 32768K, reserved 1077248K
  class space    used 5447K, capacity 5530K, committed 5632K, reserved 1048576K
Event: 5.780 GC heap after
Heap after GC invocations=6 (full 1):
 PSYoungGen      total 71680K, used 5105K [0x00000000f0000000, 0x00000000f5380000, 0x0000000100000000)
  eden space 66560K, 0% used [0x00000000f0000000,0x00000000f0000000,0x00000000f4100000)
  from space 5120K, 99% used [0x00000000f4100000,0x00000000f45fc7c0,0x00000000f4600000)
  to   space 8704K, 0% used [0x00000000f4b00000,0x00000000f4b00000,0x00000000f5380000)
 ParOldGen       total 61952K, used 10296K [0x00000000d0000000, 0x00000000d3c80000, 0x00000000f0000000)
  object space 61952K, 16% used [0x00000000d0000000,0x00000000d0a0e370,0x00000000d3c80000)
 Metaspace       used 32098K, capacity 32476K, committed 32768K, reserved 1077248K
  class space    used 5447K, capacity 5530K, committed 5632K, reserved 1048576K
}

