# JRE version: Java(TM) SE Runtime Environment (8.0_45-b15) (build 1.8.0_45-b15)
# Java VM: Java HotSpot(TM) 64-Bit Server VM (25.45-b02 mixed mode windows-amd64 compressed oops)
Heap:
 PSYoungGen      total 355840K, used 263808K [0x00000000d5f80000, 0x00000000ed900000, 0x0000000100000000)
  eden space 327168K, 80% used [0x00000000d5f80000,0x00000000e6120048,0x00000000e9f00000)
  from space 28672K, 0% used [0x00000000ebd00000,0x00000000ebd00000,0x00000000ed900000)
  to   space 29696K, 0% used [0x00000000e9f00000,0x00000000e9f00000,0x00000000ebc00000)
 ParOldGen       total 82432K, used 30765K [0x0000000081e00000, 0x0000000086e80000, 0x00000000d5f80000)
  object space 82432K, 37% used [0x0000000081e00000,0x0000000083c0b4c0,0x0000000086e80000)
 Metaspace       used 87339K, capacity 88143K, committed 88448K, reserved 1122304K
  class space    used 15731K, capacity 15913K, committed 16000K, reserved 1048576K
GC Heap History (10 events):
Event: 13.080 GC heap before
{Heap before GC invocations=7 (full 0):
 PSYoungGen      total 119808K, used 117089K [0x00000000d5f80000, 0x00000000e0280000, 0x0000000100000000)
  eden space 102400K, 100% used [0x00000000d5f80000,0x00000000dc380000,0x00000000dc380000)
  from space 17408K, 84% used [0x00000000dd600000,0x00000000de4586e0,0x00000000de700000)
  to   space 18944K, 0% used [0x00000000dc380000,0x00000000dc380000,0x00000000dd600000)
 ParOldGen       total 87552K, used 26610K [0x0000000081e00000, 0x0000000087380000, 0x00000000d5f80000)
  object space 87552K, 30% used [0x0000000081e00000,0x00000000837fc9a0,0x0000000087380000)
 Metaspace       used 46665K, capacity 47096K, committed 47360K, reserved 1087488K
  class space    used 9007K, capacity 9149K, committed 9216K, reserved 1048576K
Event: 13.114 GC heap after
Heap after GC invocations=7 (full 0):
 PSYoungGen      total 121344K, used 17741K [0x00000000d5f80000, 0x00000000e5080000, 0x0000000100000000)
  eden space 102400K, 0% used [0x00000000d5f80000,0x00000000d5f80000,0x00000000dc380000)
  from space 18944K, 93% used [0x00000000dc380000,0x00000000dd4d37b0,0x00000000dd600000)
  to   space 20992K, 0% used [0x00000000e3c00000,0x00000000e3c00000,0x00000000e5080000)
 ParOldGen       total 87552K, used 27811K [0x0000000081e00000, 0x0000000087380000, 0x00000000d5f80000)
  object space 87552K, 31% used [0x0000000081e00000,0x0000000083928f20,0x0000000087380000)
 Metaspace       used 46665K, capacity 47096K, committed 47360K, reserved 1087488K
  class space    used 9007K, capacity 9149K, committed 9216K, reserved 1048576K
}
Event: 13.970 GC heap before
{Heap before GC invocations=8 (full 0):
 PSYoungGen      total 121344K, used 120141K [0x00000000d5f80000, 0x00000000e5080000, 0x0000000100000000)
  eden space 102400K, 100% used [0x00000000d5f80000,0x00000000dc380000,0x00000000dc380000)
  from space 18944K, 93% used [0x00000000dc380000,0x00000000dd4d37b0,0x00000000dd600000)
  to   space 20992K, 0% used [0x00000000e3c00000,0x00000000e3c00000,0x00000000e5080000)
 ParOldGen       total 87552K, used 27811K [0x0000000081e00000, 0x0000000087380000, 0x00000000d5f80000)
  object space 87552K, 31% used [0x0000000081e00000,0x0000000083928f20,0x0000000087380000)
 Metaspace       used 48926K, capacity 49336K, committed 49536K, reserved 1089536K
  class space    used 9395K, capacity 9533K, committed 9600K, reserved 1048576K
Event: 13.994 GC heap after
Heap after GC invocations=8 (full 0):
 PSYoungGen      total 225280K, used 15878K [0x00000000d5f80000, 0x00000000e5180000, 0x0000000100000000)
  eden space 204288K, 0% used [0x00000000d5f80000,0x00000000d5f80000,0x00000000e2700000)
  from space 20992K, 75% used [0x00000000e3c00000,0x00000000e4b81a28,0x00000000e5080000)
  to   space 21504K, 0% used [0x00000000e2700000,0x00000000e2700000,0x00000000e3c00000)
 ParOldGen       total 87552K, used 30793K [0x0000000081e00000, 0x0000000087380000, 0x00000000d5f80000)
  object space 87552K, 35% used [0x0000000081e00000,0x0000000083c12778,0x0000000087380000)
 Metaspace       used 48926K, capacity 49336K, committed 49536K, reserved 1089536K
  class space    used 9395K, capacity 9533K, committed 9600K, reserved 1048576K
}
Event: 48.659 GC heap before
{Heap before GC invocations=9 (full 0):
 PSYoungGen      total 225280K, used 220166K [0x00000000d5f80000, 0x00000000e5180000, 0x0000000100000000)
  eden space 204288K, 100% used [0x00000000d5f80000,0x00000000e2700000,0x00000000e2700000)
  from space 20992K, 75% used [0x00000000e3c00000,0x00000000e4b81a28,0x00000000e5080000)
  to   space 21504K, 0% used [0x00000000e2700000,0x00000000e2700000,0x00000000e3c00000)
 ParOldGen       total 87552K, used 30793K [0x0000000081e00000, 0x0000000087380000, 0x00000000d5f80000)
  object space 87552K, 35% used [0x0000000081e00000,0x0000000083c12778,0x0000000087380000)
 Metaspace       used 64322K, capacity 64982K, committed 65280K, reserved 1101824K
  class space    used 12023K, capacity 12212K, committed 12288K, reserved 1048576K
Event: 48.719 GC heap after
Heap after GC invocations=9 (full 0):
 PSYoungGen      total 225792K, used 21500K [0x00000000d5f80000, 0x00000000edb00000, 0x0000000100000000)
  eden space 204288K, 0% used [0x00000000d5f80000,0x00000000d5f80000,0x00000000e2700000)
  from space 21504K, 99% used [0x00000000e2700000,0x00000000e3bff0f8,0x00000000e3c00000)
  to   space 30720K, 0% used [0x00000000ebd00000,0x00000000ebd00000,0x00000000edb00000)
 ParOldGen       total 87552K, used 46738K [0x0000000081e00000, 0x0000000087380000, 0x00000000d5f80000)
  object space 87552K, 53% used [0x0000000081e00000,0x0000000084ba4970,0x0000000087380000)
 Metaspace       used 64322K, capacity 64982K, committed 65280K, reserved 1101824K
  class space    used 12023K, capacity 12212K, committed 12288K, reserved 1048576K
}
Event: 48.826 GC heap before
{Heap before GC invocations=10 (full 0):
 PSYoungGen      total 225792K, used 36956K [0x00000000d5f80000, 0x00000000edb00000, 0x0000000100000000)
  eden space 204288K, 7% used [0x00000000d5f80000,0x00000000d6e97fc8,0x00000000e2700000)
  from space 21504K, 99% used [0x00000000e2700000,0x00000000e3bff0f8,0x00000000e3c00000)
  to   space 30720K, 0% used [0x00000000ebd00000,0x00000000ebd00000,0x00000000edb00000)
 ParOldGen       total 87552K, used 46738K [0x0000000081e00000, 0x0000000087380000, 0x00000000d5f80000)
  object space 87552K, 53% used [0x0000000081e00000,0x0000000084ba4970,0x0000000087380000)
 Metaspace       used 64676K, capacity 65302K, committed 65536K, reserved 1101824K
  class space    used 12118K, capacity 12276K, committed 12288K, reserved 1048576K
Event: 48.848 GC heap after
Heap after GC invocations=10 (full 0):
 PSYoungGen      total 355840K, used 11905K [0x00000000d5f80000, 0x00000000ed900000, 0x0000000100000000)
  eden space 327168K, 0% used [0x00000000d5f80000,0x00000000d5f80000,0x00000000e9f00000)
  from space 28672K, 41% used [0x00000000ebd00000,0x00000000ec8a0520,0x00000000ed900000)
  to   space 29696K, 0% used [0x00000000e9f00000,0x00000000e9f00000,0x00000000ebc00000)
 ParOldGen       total 87552K, used 53292K [0x0000000081e00000, 0x0000000087380000, 0x00000000d5f80000)
  object space 87552K, 60% used [0x0000000081e00000,0x000000008520b020,0x0000000087380000)
 Metaspace       used 64676K, capacity 65302K, committed 65536K, reserved 1101824K
  class space    used 12118K, capacity 12276K, committed 12288K, reserved 1048576K
}
Event: 48.848 GC heap before
{Heap before GC invocations=11 (full 1):
 PSYoungGen      total 355840K, used 11905K [0x00000000d5f80000, 0x00000000ed900000, 0x0000000100000000)
  eden space 327168K, 0% used [0x00000000d5f80000,0x00000000d5f80000,0x00000000e9f00000)
  from space 28672K, 41% used [0x00000000ebd00000,0x00000000ec8a0520,0x00000000ed900000)
  to   space 29696K, 0% used [0x00000000e9f00000,0x00000000e9f00000,0x00000000ebc00000)
 ParOldGen       total 87552K, used 53292K [0x0000000081e00000, 0x0000000087380000, 0x00000000d5f80000)
  object space 87552K, 60% used [0x0000000081e00000,0x000000008520b020,0x0000000087380000)
 Metaspace       used 64676K, capacity 65302K, committed 65536K, reserved 1101824K
  class space    used 12118K, capacity 12276K, committed 12288K, reserved 1048576K
Event: 49.113 GC heap after
Heap after GC invocations=11 (full 1):
 PSYoungGen      total 355840K, used 0K [0x00000000d5f80000, 0x00000000ed900000, 0x0000000100000000)
  eden space 327168K, 0% used [0x00000000d5f80000,0x00000000d5f80000,0x00000000e9f00000)
  from space 28672K, 0% used [0x00000000ebd00000,0x00000000ebd00000,0x00000000ed900000)
  to   space 29696K, 0% used [0x00000000e9f00000,0x00000000e9f00000,0x00000000ebc00000)
 ParOldGen       total 82432K, used 30765K [0x0000000081e00000, 0x0000000086e80000, 0x00000000d5f80000)
  object space 82432K, 37% used [0x0000000081e00000,0x0000000083c0b4c0,0x0000000086e80000)
 Metaspace       used 64648K, capacity 65244K, committed 65536K, reserved 1101824K
  class space    used 12111K, capacity 12258K, committed 12288K, reserved 1048576K
}

